<?xml version="1.0" encoding="UTF-8"?>
<!-- Generated by org.testng.reporters.JUnitReportReporter -->
<testsuite hostname="LAPTOP-QS6OB0P6" name="com.employeeApi.testcases.TC001_GET_All_Employees$getAllEmplyees" tests="6" failures="0" timestamp="9 Aug 2022 09:41:57 GMT" time="0.071" errors="0">
  <testcase name="checkResponseTime" time="0.002" classname="com.employeeApi.testcases.TC001_GET_All_Employees$getAllEmplyees"/>
  <testcase name="checkHeaders" time="0.002" classname="com.employeeApi.testcases.TC001_GET_All_Employees$getAllEmplyees"/>
  <testcase name="checkContentType" time="0.044" classname="com.employeeApi.testcases.TC001_GET_All_Employees$getAllEmplyees"/>
  <testcase name="checkStatusCode" time="0.001" classname="com.employeeApi.testcases.TC001_GET_All_Employees$getAllEmplyees"/>
  <testcase name="checkResponseBody" time="0.021" classname="com.employeeApi.testcases.TC001_GET_All_Employees$getAllEmplyees"/>
  <testcase name="checkServerType" time="0.001" classname="com.employeeApi.testcases.TC001_GET_All_Employees$getAllEmplyees"/>
</testsuite> <!-- com.employeeApi.testcases.TC001_GET_All_Employees$getAllEmplyees -->
